<?xml version="1.0" encoding="UTF-8"?>
<testng-results ignored="0" total="2" passed="2" failed="0" skipped="0">
  <reporter-output>
  </reporter-output>
  <suite started-at="2021-05-03T03:01:20 IST" name="Suite" finished-at="2021-05-03T03:02:17 IST" duration-ms="56690">
    <groups>
    </groups>
    <test started-at="2021-05-03T03:01:20 IST" name="Facebook-Test" finished-at="2021-05-03T03:01:58 IST" duration-ms="37658">
      <class name="com.automation.tests.Tc_Facebook_PostMessage">
        <test-method is-config="true" signature="setUp(java.lang.String,java.lang.String)[pri:0, instance:com.automation.tests.Tc_Facebook_PostMessage@649bec2e]" started-at="2021-05-03T03:01:20 IST" name="setUp" finished-at="2021-05-03T03:01:35 IST" duration-ms="14929" status="PASS">
          <params>
            <param index="0">
              <value>
                <![CDATA[chrome]]>
              </value>
            </param>
            <param index="1">
              <value>
                <![CDATA[https://www.facebook.com/]]>
              </value>
            </param>
          </params>
          <reporter-output>
          </reporter-output>
        </test-method> <!-- setUp -->
        <test-method signature="postMessage(java.lang.String,java.lang.String)[pri:0, instance:com.automation.tests.Tc_Facebook_PostMessage@649bec2e]" started-at="2021-05-03T03:01:35 IST" name="postMessage" finished-at="2021-05-03T03:01:58 IST" duration-ms="22695" status="PASS">
          <params>
            <param index="0">
              <value>
                <![CDATA[anandbhayre2007@yahoo.com]]>
              </value>
            </param>
            <param index="1">
              <value>
                <![CDATA[0827it091035]]>
              </value>
            </param>
          </params>
          <reporter-output>
          </reporter-output>
        </test-method> <!-- postMessage -->
        <test-method is-config="true" signature="tearDown()[pri:0, instance:com.automation.tests.Tc_Facebook_PostMessage@649bec2e]" started-at="2021-05-03T03:01:58 IST" name="tearDown" finished-at="2021-05-03T03:01:58 IST" duration-ms="0" status="PASS">
          <reporter-output>
          </reporter-output>
        </test-method> <!-- tearDown -->
      </class> <!-- com.automation.tests.Tc_Facebook_PostMessage -->
    </test> <!-- Facebook-Test -->
    <test started-at="2021-05-03T03:01:58 IST" name="Wallethub-Test" finished-at="2021-05-03T03:02:17 IST" duration-ms="18981">
      <class name="com.automation.tests.Tc_Wallethub_Review">
        <test-method is-config="true" signature="setUp(java.lang.String,java.lang.String)[pri:0, instance:com.automation.tests.Tc_Wallethub_Review@78123e82]" started-at="2021-05-03T03:01:58 IST" name="setUp" finished-at="2021-05-03T03:02:14 IST" duration-ms="16525" status="PASS">
          <params>
            <param index="0">
              <value>
                <![CDATA[chrome]]>
              </value>
            </param>
            <param index="1">
              <value>
                <![CDATA[http://wallethub.com/profile/test_insurance_company/]]>
              </value>
            </param>
          </params>
          <reporter-output>
          </reporter-output>
        </test-method> <!-- setUp -->
        <test-method signature="writeYourReview()[pri:0, instance:com.automation.tests.Tc_Wallethub_Review@78123e82]" started-at="2021-05-03T03:02:14 IST" name="writeYourReview" finished-at="2021-05-03T03:02:17 IST" duration-ms="2452" status="PASS">
          <reporter-output>
          </reporter-output>
        </test-method> <!-- writeYourReview -->
        <test-method is-config="true" signature="tearDown()[pri:0, instance:com.automation.tests.Tc_Wallethub_Review@78123e82]" started-at="2021-05-03T03:02:17 IST" name="tearDown" finished-at="2021-05-03T03:02:17 IST" duration-ms="0" status="PASS">
          <reporter-output>
          </reporter-output>
        </test-method> <!-- tearDown -->
      </class> <!-- com.automation.tests.Tc_Wallethub_Review -->
    </test> <!-- Wallethub-Test -->
  </suite> <!-- Suite -->
</testng-results>
